This file contains any messages produced by compilers while
running configure, to aid debugging if configure makes a mistake.

It was created by configure, which was
generated by GNU Autoconf 2.64.  Invocation command line was

  $ ./configure --disable-option-checking --prefix=/usr/local docdir=${datarootdir}/doc/${PACKAGE} --cache-file=/dev/null --srcdir=.

## --------- ##
## Platform. ##
## --------- ##

hostname = nb-725-ults
uname -m = x86_64
uname -r = 5.13.0-39-generic
uname -s = Linux
uname -v = #44~20.04.1-Ubuntu SMP Thu Mar 24 16:43:35 UTC 2022

/usr/bin/uname -p = x86_64
/bin/uname -X     = unknown

/bin/arch              = x86_64
/usr/bin/arch -k       = unknown
/usr/convex/getsysinfo = unknown
/usr/bin/hostinfo      = unknown
/bin/machine           = unknown
/usr/bin/oslevel       = unknown
/bin/universe          = unknown

PATH: /home/marcel.meier/bin
PATH: /usr/local/sbin
PATH: /usr/local/bin
PATH: /usr/sbin
PATH: /usr/bin
PATH: /sbin
PATH: /bin
PATH: /usr/games
PATH: /usr/local/games
PATH: /snap/bin
PATH: /opt/puppetlabs/bin


## ----------- ##
## Core tests. ##
## ----------- ##

configure:2363: checking for gcc
configure:2379: found /usr/bin/gcc
configure:2390: result: gcc
configure:2619: checking for C compiler version
configure:2628: gcc --version >&5
gcc (Ubuntu 9.4.0-1ubuntu1~20.04.1) 9.4.0
Copyright (C) 2019 Free Software Foundation, Inc.
This is free software; see the source for copying conditions.  There is NO
warranty; not even for MERCHANTABILITY or FITNESS FOR A PARTICULAR PURPOSE.

configure:2639: $? = 0
configure:2628: gcc -v >&5
Using built-in specs.
COLLECT_GCC=gcc
COLLECT_LTO_WRAPPER=/usr/lib/gcc/x86_64-linux-gnu/9/lto-wrapper
OFFLOAD_TARGET_NAMES=nvptx-none:hsa
OFFLOAD_TARGET_DEFAULT=1
Target: x86_64-linux-gnu
Configured with: ../src/configure -v --with-pkgversion='Ubuntu 9.4.0-1ubuntu1~20.04.1' --with-bugurl=file:///usr/share/doc/gcc-9/README.Bugs --enable-languages=c,ada,c++,go,brig,d,fortran,objc,obj-c++,gm2 --prefix=/usr --with-gcc-major-version-only --program-suffix=-9 --program-prefix=x86_64-linux-gnu- --enable-shared --enable-linker-build-id --libexecdir=/usr/lib --without-included-gettext --enable-threads=posix --libdir=/usr/lib --enable-nls --enable-clocale=gnu --enable-libstdcxx-debug --enable-libstdcxx-time=yes --with-default-libstdcxx-abi=new --enable-gnu-unique-object --disable-vtable-verify --enable-plugin --enable-default-pie --with-system-zlib --with-target-system-zlib=auto --enable-objc-gc=auto --enable-multiarch --disable-werror --with-arch-32=i686 --with-abi=m64 --with-multilib-list=m32,m64,mx32 --enable-multilib --with-tune=generic --enable-offload-targets=nvptx-none=/build/gcc-9-Av3uEd/gcc-9-9.4.0/debian/tmp-nvptx/usr,hsa --without-cuda-driver --enable-checking=release --build=x86_64-linux-gnu --host=x86_64-linux-gnu --target=x86_64-linux-gnu
Thread model: posix
gcc version 9.4.0 (Ubuntu 9.4.0-1ubuntu1~20.04.1) 
configure:2639: $? = 0
configure:2628: gcc -V >&5
gcc: error: unrecognized command line option '-V'
gcc: fatal error: no input files
compilation terminated.
configure:2639: $? = 1
configure:2628: gcc -qversion >&5
gcc: error: unrecognized command line option '-qversion'; did you mean '--version'?
gcc: fatal error: no input files
compilation terminated.
configure:2639: $? = 1
configure:2661: checking for C compiler default output file name
configure:2683: gcc    conftest.c  >&5
configure:2687: $? = 0
configure:2724: result: a.out
configure:2740: checking whether the C compiler works
configure:2749: ./a.out
configure:2753: $? = 0
configure:2768: result: yes
configure:2775: checking whether we are cross compiling
configure:2777: result: no
configure:2780: checking for suffix of executables
configure:2787: gcc -o conftest    conftest.c  >&5
configure:2791: $? = 0
configure:2813: result: 
configure:2819: checking for suffix of object files
configure:2841: gcc -c   conftest.c >&5
configure:2845: $? = 0
configure:2866: result: o
configure:2870: checking whether we are using the GNU C compiler
configure:2889: gcc -c   conftest.c >&5
configure:2889: $? = 0
configure:2898: result: yes
configure:2907: checking whether gcc accepts -g
configure:2927: gcc -c -g  conftest.c >&5
configure:2927: $? = 0
configure:2968: result: yes
configure:2985: checking for gcc option to accept ISO C89
configure:3049: gcc  -c -g -O2  conftest.c >&5
configure:3049: $? = 0
configure:3062: result: none needed
configure:3083: checking whether gcc and cc understand -c and -o together
configure:3114: gcc -c conftest.c -o conftest2.o >&5
configure:3118: $? = 0
configure:3124: gcc -c conftest.c -o conftest2.o >&5
configure:3128: $? = 0
configure:3139: cc -c conftest.c >&5
configure:3143: $? = 0
configure:3151: cc -c conftest.c -o conftest2.o >&5
configure:3155: $? = 0
configure:3161: cc -c conftest.c -o conftest2.o >&5
configure:3165: $? = 0
configure:3183: result: yes
configure:3207: checking how to run the C preprocessor
configure:3238: gcc -E  conftest.c
configure:3238: $? = 0
configure:3252: gcc -E  conftest.c
conftest.c:9:10: fatal error: ac_nonexistent.h: No such file or directory
    9 | #include <ac_nonexistent.h>
      |          ^~~~~~~~~~~~~~~~~~
compilation terminated.
configure:3252: $? = 1
configure: failed program was:
| /* confdefs.h */
| #define PACKAGE_NAME ""
| #define PACKAGE_TARNAME ""
| #define PACKAGE_VERSION ""
| #define PACKAGE_STRING ""
| #define PACKAGE_BUGREPORT ""
| #define PACKAGE_URL ""
| /* end confdefs.h.  */
| #include <ac_nonexistent.h>
configure:3277: result: gcc -E
configure:3297: gcc -E  conftest.c
configure:3297: $? = 0
configure:3311: gcc -E  conftest.c
conftest.c:9:10: fatal error: ac_nonexistent.h: No such file or directory
    9 | #include <ac_nonexistent.h>
      |          ^~~~~~~~~~~~~~~~~~
compilation terminated.
configure:3311: $? = 1
configure: failed program was:
| /* confdefs.h */
| #define PACKAGE_NAME ""
| #define PACKAGE_TARNAME ""
| #define PACKAGE_VERSION ""
| #define PACKAGE_STRING ""
| #define PACKAGE_BUGREPORT ""
| #define PACKAGE_URL ""
| /* end confdefs.h.  */
| #include <ac_nonexistent.h>
configure:3340: checking for inline
configure:3356: gcc -c -g -O2  conftest.c >&5
configure:3356: $? = 0
configure:3364: result: inline
configure:3383: checking for built-in _Bool
configure:3399: gcc -c -g -O2  conftest.c >&5
configure:3399: $? = 0
configure:3407: result: yes
configure:3417: checking size of short
configure:3437: gcc -c -g -O2  conftest.c >&5
conftest.c: In function 'main':
conftest.c:17:20: error: duplicate case value
   17 | switch (0) case 0: case (sizeof (short) == 4):;
      |                    ^~~~
conftest.c:17:12: note: previously used here
   17 | switch (0) case 0: case (sizeof (short) == 4):;
      |            ^~~~
configure:3437: $? = 1
configure: failed program was:
| /* confdefs.h */
| #define PACKAGE_NAME ""
| #define PACKAGE_TARNAME ""
| #define PACKAGE_VERSION ""
| #define PACKAGE_STRING ""
| #define PACKAGE_BUGREPORT ""
| #define PACKAGE_URL ""
| #define HAVE__BOOL 1
| /* end confdefs.h.  */
| #include "confdefs.h"
| #include <sys/types.h>
| 
| 
| int
| main ()
| {
| switch (0) case 0: case (sizeof (short) == 4):;
|   ;
|   return 0;
| }
configure:3437: gcc -c -g -O2  conftest.c >&5
conftest.c: In function 'main':
conftest.c:17:20: error: duplicate case value
   17 | switch (0) case 0: case (sizeof (short) == 8):;
      |                    ^~~~
conftest.c:17:12: note: previously used here
   17 | switch (0) case 0: case (sizeof (short) == 8):;
      |            ^~~~
configure:3437: $? = 1
configure: failed program was:
| /* confdefs.h */
| #define PACKAGE_NAME ""
| #define PACKAGE_TARNAME ""
| #define PACKAGE_VERSION ""
| #define PACKAGE_STRING ""
| #define PACKAGE_BUGREPORT ""
| #define PACKAGE_URL ""
| #define HAVE__BOOL 1
| /* end confdefs.h.  */
| #include "confdefs.h"
| #include <sys/types.h>
| 
| 
| int
| main ()
| {
| switch (0) case 0: case (sizeof (short) == 8):;
|   ;
|   return 0;
| }
configure:3437: gcc -c -g -O2  conftest.c >&5
conftest.c: In function 'main':
conftest.c:17:20: error: duplicate case value
   17 | switch (0) case 0: case (sizeof (short) == 1):;
      |                    ^~~~
conftest.c:17:12: note: previously used here
   17 | switch (0) case 0: case (sizeof (short) == 1):;
      |            ^~~~
configure:3437: $? = 1
configure: failed program was:
| /* confdefs.h */
| #define PACKAGE_NAME ""
| #define PACKAGE_TARNAME ""
| #define PACKAGE_VERSION ""
| #define PACKAGE_STRING ""
| #define PACKAGE_BUGREPORT ""
| #define PACKAGE_URL ""
| #define HAVE__BOOL 1
| /* end confdefs.h.  */
| #include "confdefs.h"
| #include <sys/types.h>
| 
| 
| int
| main ()
| {
| switch (0) case 0: case (sizeof (short) == 1):;
|   ;
|   return 0;
| }
configure:3437: gcc -c -g -O2  conftest.c >&5
configure:3437: $? = 0
configure:3449: result: 2
configure:3457: checking size of int
configure:3477: gcc -c -g -O2  conftest.c >&5
configure:3477: $? = 0
configure:3489: result: 4
configure:3497: checking size of long
configure:3517: gcc -c -g -O2  conftest.c >&5
conftest.c: In function 'main':
conftest.c:19:20: error: duplicate case value
   19 | switch (0) case 0: case (sizeof (long) == 4):;
      |                    ^~~~
conftest.c:19:12: note: previously used here
   19 | switch (0) case 0: case (sizeof (long) == 4):;
      |            ^~~~
configure:3517: $? = 1
configure: failed program was:
| /* confdefs.h */
| #define PACKAGE_NAME ""
| #define PACKAGE_TARNAME ""
| #define PACKAGE_VERSION ""
| #define PACKAGE_STRING ""
| #define PACKAGE_BUGREPORT ""
| #define PACKAGE_URL ""
| #define HAVE__BOOL 1
| #define SIZEOF_SHORT 2
| #define SIZEOF_INT 4
| /* end confdefs.h.  */
| #include "confdefs.h"
| #include <sys/types.h>
| 
| 
| int
| main ()
| {
| switch (0) case 0: case (sizeof (long) == 4):;
|   ;
|   return 0;
| }
configure:3517: gcc -c -g -O2  conftest.c >&5
configure:3517: $? = 0
configure:3529: result: 8
configure:3539: checking for grep that handles long lines and -e
configure:3597: result: /usr/bin/grep
configure:3602: checking for egrep
configure:3664: result: /usr/bin/grep -E
configure:3669: checking execution character set
configure:3706: result: ASCII
configure:3725: checking whether make sets $(MAKE)
configure:3747: result: yes
configure:3757: checking whether a default assembler was specified
configure:3768: result: no
configure:3772: checking whether a default linker was specified
configure:3783: result: no
configure:3792: checking for gawk
configure:3808: found /usr/bin/gawk
configure:3819: result: gawk
configure:3836: checking whether ln works
configure:3859: result: yes
configure:3871: checking whether ln -s works
configure:3894: result: yes
configure:3949: checking for ranlib
configure:3965: found /usr/bin/ranlib
configure:3976: result: ranlib
configure:4031: checking for a BSD compatible install
configure:4073: result: /usr/bin/install -c
configure:4083: checking for ANSI C header files
configure:4103: gcc -c -g -O2  conftest.c >&5
configure:4103: $? = 0
configure:4176: gcc -o conftest -g -O2   conftest.c  >&5
configure:4176: $? = 0
configure:4176: ./conftest
configure:4176: $? = 0
configure:4187: result: yes
configure:4195: checking whether time.h and sys/time.h may both be included
configure:4215: gcc -c -g -O2  conftest.c >&5
configure:4215: $? = 0
configure:4222: result: yes
configure:4230: checking for working stdbool.h
configure:4246: gcc -c -g -O2  conftest.c >&5
configure:4246: $? = 0
configure:4253: result: yes
configure:4261: checking whether string.h and strings.h may both be included
configure:4278: gcc -c -g -O2  conftest.c >&5
configure:4278: $? = 0
configure:4285: result: yes
configure:4293: checking for sys/wait.h that is POSIX.1 compatible
configure:4319: gcc -c -g -O2  conftest.c >&5
configure:4319: $? = 0
configure:4326: result: yes
configure:4339: checking for sys/types.h
configure:4339: gcc -c -g -O2  conftest.c >&5
configure:4339: $? = 0
configure:4339: result: yes
configure:4339: checking for sys/stat.h
configure:4339: gcc -c -g -O2  conftest.c >&5
configure:4339: $? = 0
configure:4339: result: yes
configure:4339: checking for stdlib.h
configure:4339: gcc -c -g -O2  conftest.c >&5
configure:4339: $? = 0
configure:4339: result: yes
configure:4339: checking for string.h
configure:4339: gcc -c -g -O2  conftest.c >&5
configure:4339: $? = 0
configure:4339: result: yes
configure:4339: checking for memory.h
configure:4339: gcc -c -g -O2  conftest.c >&5
configure:4339: $? = 0
configure:4339: result: yes
configure:4339: checking for strings.h
configure:4339: gcc -c -g -O2  conftest.c >&5
configure:4339: $? = 0
configure:4339: result: yes
configure:4339: checking for inttypes.h
configure:4339: gcc -c -g -O2  conftest.c >&5
configure:4339: $? = 0
configure:4339: result: yes
configure:4339: checking for stdint.h
configure:4339: gcc -c -g -O2  conftest.c >&5
configure:4339: $? = 0
configure:4339: result: yes
configure:4339: checking for unistd.h
configure:4339: gcc -c -g -O2  conftest.c >&5
configure:4339: $? = 0
configure:4339: result: yes
configure:4358: checking limits.h usability
configure:4358: gcc -c -g -O2  conftest.c >&5
configure:4358: $? = 0
configure:4358: result: yes
configure:4358: checking limits.h presence
configure:4358: gcc -E  conftest.c
configure:4358: $? = 0
configure:4358: result: yes
configure:4358: checking for limits.h
configure:4358: result: yes
configure:4358: checking stddef.h usability
configure:4358: gcc -c -g -O2  conftest.c >&5
configure:4358: $? = 0
configure:4358: result: yes
configure:4358: checking stddef.h presence
configure:4358: gcc -E  conftest.c
configure:4358: $? = 0
configure:4358: result: yes
configure:4358: checking for stddef.h
configure:4358: result: yes
configure:4358: checking for string.h
configure:4358: result: yes
configure:4358: checking for strings.h
configure:4358: result: yes
configure:4358: checking for stdlib.h
configure:4358: result: yes
configure:4358: checking time.h usability
configure:4358: gcc -c -g -O2  conftest.c >&5
configure:4358: $? = 0
configure:4358: result: yes
configure:4358: checking time.h presence
configure:4358: gcc -E  conftest.c
configure:4358: $? = 0
configure:4358: result: yes
configure:4358: checking for time.h
configure:4358: result: yes
configure:4358: checking fcntl.h usability
configure:4358: gcc -c -g -O2  conftest.c >&5
configure:4358: $? = 0
configure:4358: result: yes
configure:4358: checking fcntl.h presence
configure:4358: gcc -E  conftest.c
configure:4358: $? = 0
configure:4358: result: yes
configure:4358: checking for fcntl.h
configure:4358: result: yes
configure:4358: checking for unistd.h
configure:4358: result: yes
configure:4358: checking sys/file.h usability
configure:4358: gcc -c -g -O2  conftest.c >&5
configure:4358: $? = 0
configure:4358: result: yes
configure:4358: checking sys/file.h presence
configure:4358: gcc -E  conftest.c
configure:4358: $? = 0
configure:4358: result: yes
configure:4358: checking for sys/file.h
configure:4358: result: yes
configure:4358: checking sys/time.h usability
configure:4358: gcc -c -g -O2  conftest.c >&5
configure:4358: $? = 0
configure:4358: result: yes
configure:4358: checking sys/time.h presence
configure:4358: gcc -E  conftest.c
configure:4358: $? = 0
configure:4358: result: yes
configure:4358: checking for sys/time.h
configure:4358: result: yes
configure:4358: checking sys/param.h usability
configure:4358: gcc -c -g -O2  conftest.c >&5
configure:4358: $? = 0
configure:4358: result: yes
configure:4358: checking sys/param.h presence
configure:4358: gcc -E  conftest.c
configure:4358: $? = 0
configure:4358: result: yes
configure:4358: checking for sys/param.h
configure:4358: result: yes
configure:4358: checking for sys/stat.h
configure:4358: result: yes
configure:4358: checking direct.h usability
configure:4358: gcc -c -g -O2  conftest.c >&5
conftest.c:72:10: fatal error: direct.h: No such file or directory
   72 | #include <direct.h>
      |          ^~~~~~~~~~
compilation terminated.
configure:4358: $? = 1
configure: failed program was:
| /* confdefs.h */
| #define PACKAGE_NAME ""
| #define PACKAGE_TARNAME ""
| #define PACKAGE_VERSION ""
| #define PACKAGE_STRING ""
| #define PACKAGE_BUGREPORT ""
| #define PACKAGE_URL ""
| #define HAVE__BOOL 1
| #define SIZEOF_SHORT 2
| #define SIZEOF_INT 4
| #define SIZEOF_LONG 8
| #define STDC_HEADERS 1
| #define TIME_WITH_SYS_TIME 1
| #define HAVE_STDBOOL_H 1
| #define STRING_WITH_STRINGS 1
| #define HAVE_SYS_WAIT_H 1
| #define HAVE_SYS_TYPES_H 1
| #define HAVE_SYS_STAT_H 1
| #define HAVE_STDLIB_H 1
| #define HAVE_STRING_H 1
| #define HAVE_MEMORY_H 1
| #define HAVE_STRINGS_H 1
| #define HAVE_INTTYPES_H 1
| #define HAVE_STDINT_H 1
| #define HAVE_UNISTD_H 1
| #define HAVE_LIMITS_H 1
| #define HAVE_STDDEF_H 1
| #define HAVE_STRING_H 1
| #define HAVE_STRINGS_H 1
| #define HAVE_STDLIB_H 1
| #define HAVE_TIME_H 1
| #define HAVE_FCNTL_H 1
| #define HAVE_UNISTD_H 1
| #define HAVE_SYS_FILE_H 1
| #define HAVE_SYS_TIME_H 1
| #define HAVE_SYS_PARAM_H 1
| #define HAVE_SYS_STAT_H 1
| /* end confdefs.h.  */
| #include <stdio.h>
| #ifdef HAVE_SYS_TYPES_H
| # include <sys/types.h>
| #endif
| #ifdef HAVE_SYS_STAT_H
| # include <sys/stat.h>
| #endif
| #ifdef STDC_HEADERS
| # include <stdlib.h>
| # include <stddef.h>
| #else
| # ifdef HAVE_STDLIB_H
| #  include <stdlib.h>
| # endif
| #endif
| #ifdef HAVE_STRING_H
| # if !defined STDC_HEADERS && defined HAVE_MEMORY_H
| #  include <memory.h>
| # endif
| # include <string.h>
| #endif
| #ifdef HAVE_STRINGS_H
| # include <strings.h>
| #endif
| #ifdef HAVE_INTTYPES_H
| # include <inttypes.h>
| #endif
| #ifdef HAVE_STDINT_H
| # include <stdint.h>
| #endif
| #ifdef HAVE_UNISTD_H
| # include <unistd.h>
| #endif
| #include <direct.h>
configure:4358: result: no
configure:4358: checking direct.h presence
configure:4358: gcc -E  conftest.c
conftest.c:39:10: fatal error: direct.h: No such file or directory
   39 | #include <direct.h>
      |          ^~~~~~~~~~
compilation terminated.
configure:4358: $? = 1
configure: failed program was:
| /* confdefs.h */
| #define PACKAGE_NAME ""
| #define PACKAGE_TARNAME ""
| #define PACKAGE_VERSION ""
| #define PACKAGE_STRING ""
| #define PACKAGE_BUGREPORT ""
| #define PACKAGE_URL ""
| #define HAVE__BOOL 1
| #define SIZEOF_SHORT 2
| #define SIZEOF_INT 4
| #define SIZEOF_LONG 8
| #define STDC_HEADERS 1
| #define TIME_WITH_SYS_TIME 1
| #define HAVE_STDBOOL_H 1
| #define STRING_WITH_STRINGS 1
| #define HAVE_SYS_WAIT_H 1
| #define HAVE_SYS_TYPES_H 1
| #define HAVE_SYS_STAT_H 1
| #define HAVE_STDLIB_H 1
| #define HAVE_STRING_H 1
| #define HAVE_MEMORY_H 1
| #define HAVE_STRINGS_H 1
| #define HAVE_INTTYPES_H 1
| #define HAVE_STDINT_H 1
| #define HAVE_UNISTD_H 1
| #define HAVE_LIMITS_H 1
| #define HAVE_STDDEF_H 1
| #define HAVE_STRING_H 1
| #define HAVE_STRINGS_H 1
| #define HAVE_STDLIB_H 1
| #define HAVE_TIME_H 1
| #define HAVE_FCNTL_H 1
| #define HAVE_UNISTD_H 1
| #define HAVE_SYS_FILE_H 1
| #define HAVE_SYS_TIME_H 1
| #define HAVE_SYS_PARAM_H 1
| #define HAVE_SYS_STAT_H 1
| /* end confdefs.h.  */
| #include <direct.h>
configure:4358: result: no
configure:4358: checking for direct.h
configure:4358: result: no
configure:4358: checking malloc.h usability
configure:4358: gcc -c -g -O2  conftest.c >&5
configure:4358: $? = 0
configure:4358: result: yes
configure:4358: checking malloc.h presence
configure:4358: gcc -E  conftest.c
configure:4358: $? = 0
configure:4358: result: yes
configure:4358: checking for malloc.h
configure:4358: result: yes
configure:4373: checking for CHAR_BIT
configure:4397: result: yes
configure:4443: checking whether byte ordering is bigendian
configure:4458: gcc -c -g -O2  conftest.c >&5
conftest.c:41:9: error: unknown type name 'not'
   41 |         not a universal capable compiler
      |         ^~~
conftest.c:41:15: error: expected '=', ',', ';', 'asm' or '__attribute__' before 'universal'
   41 |         not a universal capable compiler
      |               ^~~~~~~~~
conftest.c:41:15: error: unknown type name 'universal'
configure:4458: $? = 1
configure: failed program was:
| /* confdefs.h */
| #define PACKAGE_NAME ""
| #define PACKAGE_TARNAME ""
| #define PACKAGE_VERSION ""
| #define PACKAGE_STRING ""
| #define PACKAGE_BUGREPORT ""
| #define PACKAGE_URL ""
| #define HAVE__BOOL 1
| #define SIZEOF_SHORT 2
| #define SIZEOF_INT 4
| #define SIZEOF_LONG 8
| #define STDC_HEADERS 1
| #define TIME_WITH_SYS_TIME 1
| #define HAVE_STDBOOL_H 1
| #define STRING_WITH_STRINGS 1
| #define HAVE_SYS_WAIT_H 1
| #define HAVE_SYS_TYPES_H 1
| #define HAVE_SYS_STAT_H 1
| #define HAVE_STDLIB_H 1
| #define HAVE_STRING_H 1
| #define HAVE_MEMORY_H 1
| #define HAVE_STRINGS_H 1
| #define HAVE_INTTYPES_H 1
| #define HAVE_STDINT_H 1
| #define HAVE_UNISTD_H 1
| #define HAVE_LIMITS_H 1
| #define HAVE_STDDEF_H 1
| #define HAVE_STRING_H 1
| #define HAVE_STRINGS_H 1
| #define HAVE_STDLIB_H 1
| #define HAVE_TIME_H 1
| #define HAVE_FCNTL_H 1
| #define HAVE_UNISTD_H 1
| #define HAVE_SYS_FILE_H 1
| #define HAVE_SYS_TIME_H 1
| #define HAVE_SYS_PARAM_H 1
| #define HAVE_SYS_STAT_H 1
| #define HAVE_MALLOC_H 1
| /* end confdefs.h.  */
| #ifndef __APPLE_CC__
| 	       not a universal capable compiler
| 	     #endif
| 	     typedef int dummy;
| 
configure:4503: gcc -c -g -O2  conftest.c >&5
configure:4503: $? = 0
configure:4521: gcc -c -g -O2  conftest.c >&5
conftest.c: In function 'main':
conftest.c:47:4: error: unknown type name 'not'; did you mean 'ino_t'?
   47 |    not big endian
      |    ^~~
      |    ino_t
conftest.c:47:12: error: expected '=', ',', ';', 'asm' or '__attribute__' before 'endian'
   47 |    not big endian
      |            ^~~~~~
configure:4521: $? = 1
configure: failed program was:
| /* confdefs.h */
| #define PACKAGE_NAME ""
| #define PACKAGE_TARNAME ""
| #define PACKAGE_VERSION ""
| #define PACKAGE_STRING ""
| #define PACKAGE_BUGREPORT ""
| #define PACKAGE_URL ""
| #define HAVE__BOOL 1
| #define SIZEOF_SHORT 2
| #define SIZEOF_INT 4
| #define SIZEOF_LONG 8
| #define STDC_HEADERS 1
| #define TIME_WITH_SYS_TIME 1
| #define HAVE_STDBOOL_H 1
| #define STRING_WITH_STRINGS 1
| #define HAVE_SYS_WAIT_H 1
| #define HAVE_SYS_TYPES_H 1
| #define HAVE_SYS_STAT_H 1
| #define HAVE_STDLIB_H 1
| #define HAVE_STRING_H 1
| #define HAVE_MEMORY_H 1
| #define HAVE_STRINGS_H 1
| #define HAVE_INTTYPES_H 1
| #define HAVE_STDINT_H 1
| #define HAVE_UNISTD_H 1
| #define HAVE_LIMITS_H 1
| #define HAVE_STDDEF_H 1
| #define HAVE_STRING_H 1
| #define HAVE_STRINGS_H 1
| #define HAVE_STDLIB_H 1
| #define HAVE_TIME_H 1
| #define HAVE_FCNTL_H 1
| #define HAVE_UNISTD_H 1
| #define HAVE_SYS_FILE_H 1
| #define HAVE_SYS_TIME_H 1
| #define HAVE_SYS_PARAM_H 1
| #define HAVE_SYS_STAT_H 1
| #define HAVE_MALLOC_H 1
| /* end confdefs.h.  */
| #include <sys/types.h>
| 		#include <sys/param.h>
| 
| int
| main ()
| {
| #if BYTE_ORDER != BIG_ENDIAN
| 		 not big endian
| 		#endif
| 
|   ;
|   return 0;
| }
configure:4649: result: no
configure:4671: checking for mktemp
configure:4687: found /usr/bin/mktemp
configure:4699: result: yes
configure:4710: checking for strip
configure:4726: found /usr/bin/strip
configure:4738: result: strip
configure:4749: checking for preprocessor stringizing operator
configure:4769: result: yes
configure:4782: checking for clock
configure:4782: gcc -o conftest -g -O2   conftest.c  >&5
configure:4782: $? = 0
configure:4782: result: yes
configure:4782: checking for strsignal
configure:4782: gcc -o conftest -g -O2   conftest.c  >&5
configure:4782: $? = 0
configure:4782: result: yes
configure:4782: checking for strchr
configure:4782: gcc -o conftest -g -O2   conftest.c  >&5
conftest.c:66:6: warning: conflicting types for built-in function 'strchr'; expected 'char *(const char *, int)' [-Wbuiltin-declaration-mismatch]
   66 | char strchr ();
      |      ^~~~~~
conftest.c:54:1: note: 'strchr' is declared in header '<string.h>'
   53 | # include <limits.h>
   54 | #else
configure:4782: $? = 0
configure:4782: result: yes
configure:4782: checking for strrchr
configure:4782: gcc -o conftest -g -O2   conftest.c  >&5
conftest.c:67:6: warning: conflicting types for built-in function 'strrchr'; expected 'char *(const char *, int)' [-Wbuiltin-declaration-mismatch]
   67 | char strrchr ();
      |      ^~~~~~~
conftest.c:55:1: note: 'strrchr' is declared in header '<string.h>'
   54 | # include <limits.h>
   55 | #else
configure:4782: $? = 0
configure:4782: result: yes
configure:4782: checking for lstat
configure:4782: gcc -o conftest -g -O2   conftest.c  >&5
configure:4782: $? = 0
configure:4782: result: yes
configure:4793: checking for ssize_t
configure:4793: gcc -c -g -O2  conftest.c >&5
configure:4793: $? = 0
configure:4793: gcc -c -g -O2  conftest.c >&5
conftest.c: In function 'main':
conftest.c:82:22: error: expected expression before ')' token
   82 | if (sizeof ((ssize_t)))
      |                      ^
configure:4793: $? = 1
configure: failed program was:
| /* confdefs.h */
| #define PACKAGE_NAME ""
| #define PACKAGE_TARNAME ""
| #define PACKAGE_VERSION ""
| #define PACKAGE_STRING ""
| #define PACKAGE_BUGREPORT ""
| #define PACKAGE_URL ""
| #define HAVE__BOOL 1
| #define SIZEOF_SHORT 2
| #define SIZEOF_INT 4
| #define SIZEOF_LONG 8
| #define STDC_HEADERS 1
| #define TIME_WITH_SYS_TIME 1
| #define HAVE_STDBOOL_H 1
| #define STRING_WITH_STRINGS 1
| #define HAVE_SYS_WAIT_H 1
| #define HAVE_SYS_TYPES_H 1
| #define HAVE_SYS_STAT_H 1
| #define HAVE_STDLIB_H 1
| #define HAVE_STRING_H 1
| #define HAVE_MEMORY_H 1
| #define HAVE_STRINGS_H 1
| #define HAVE_INTTYPES_H 1
| #define HAVE_STDINT_H 1
| #define HAVE_UNISTD_H 1
| #define HAVE_LIMITS_H 1
| #define HAVE_STDDEF_H 1
| #define HAVE_STRING_H 1
| #define HAVE_STRINGS_H 1
| #define HAVE_STDLIB_H 1
| #define HAVE_TIME_H 1
| #define HAVE_FCNTL_H 1
| #define HAVE_UNISTD_H 1
| #define HAVE_SYS_FILE_H 1
| #define HAVE_SYS_TIME_H 1
| #define HAVE_SYS_PARAM_H 1
| #define HAVE_SYS_STAT_H 1
| #define HAVE_MALLOC_H 1
| #define HAVE_STRINGIZE 1
| #define HAVE_CLOCK 1
| #define HAVE_STRSIGNAL 1
| #define HAVE_STRCHR 1
| #define HAVE_STRRCHR 1
| #define HAVE_LSTAT 1
| /* end confdefs.h.  */
| #include <stdio.h>
| #ifdef HAVE_SYS_TYPES_H
| # include <sys/types.h>
| #endif
| #ifdef HAVE_SYS_STAT_H
| # include <sys/stat.h>
| #endif
| #ifdef STDC_HEADERS
| # include <stdlib.h>
| # include <stddef.h>
| #else
| # ifdef HAVE_STDLIB_H
| #  include <stdlib.h>
| # endif
| #endif
| #ifdef HAVE_STRING_H
| # if !defined STDC_HEADERS && defined HAVE_MEMORY_H
| #  include <memory.h>
| # endif
| # include <string.h>
| #endif
| #ifdef HAVE_STRINGS_H
| # include <strings.h>
| #endif
| #ifdef HAVE_INTTYPES_H
| # include <inttypes.h>
| #endif
| #ifdef HAVE_STDINT_H
| # include <stdint.h>
| #endif
| #ifdef HAVE_UNISTD_H
| # include <unistd.h>
| #endif
| int
| main ()
| {
| if (sizeof ((ssize_t)))
| 	    return 0;
|   ;
|   return 0;
| }
configure:4793: result: yes
configure:4807: checking for getpagesize
configure:4807: gcc -o conftest -g -O2   conftest.c  >&5
configure:4807: $? = 0
configure:4807: result: yes
configure:5062: checking for working mmap from /dev/zero
configure:5082: gcc -o conftest -g -O2   conftest.c  >&5
In file included from conftest.c:47:
ct-mmap.inc: In function 'test_0':
ct-mmap.inc:59:21: warning: implicit declaration of function 'exit' [-Wimplicit-function-declaration]
   59 |   do { perror(str); exit(val); } while (0)
      |                     ^~~~
ct-mmap.inc:97:5: note: in expansion of macro 'perror_exit'
   97 |     perror_exit("test 0 mmap", 2);
      |     ^~~~~~~~~~~
ct-mmap.inc:59:21: warning: incompatible implicit declaration of built-in function 'exit'
   59 |   do { perror(str); exit(val); } while (0)
      |                     ^~~~
ct-mmap.inc:97:5: note: in expansion of macro 'perror_exit'
   97 |     perror_exit("test 0 mmap", 2);
      |     ^~~~~~~~~~~
ct-mmap.inc:7:1: note: include '<stdlib.h>' or provide a declaration of 'exit'
    6 | #include <stdio.h>
  +++ |+#include <stdlib.h>
    7 | 
ct-mmap.inc:59:21: warning: incompatible implicit declaration of built-in function 'exit'
   59 |   do { perror(str); exit(val); } while (0)
      |                     ^~~~
ct-mmap.inc:102:5: note: in expansion of macro 'perror_exit'
  102 |     perror_exit("test 0 munmap", 3);
      |     ^~~~~~~~~~~
ct-mmap.inc:59:21: note: include '<stdlib.h>' or provide a declaration of 'exit'
   59 |   do { perror(str); exit(val); } while (0)
      |                     ^~~~
ct-mmap.inc:102:5: note: in expansion of macro 'perror_exit'
  102 |     perror_exit("test 0 munmap", 3);
      |     ^~~~~~~~~~~
ct-mmap.inc: In function 'test_1':
ct-mmap.inc:59:21: warning: incompatible implicit declaration of built-in function 'exit'
   59 |   do { perror(str); exit(val); } while (0)
      |                     ^~~~
ct-mmap.inc:112:5: note: in expansion of macro 'perror_exit'
  112 |     perror_exit ("test 1 mmap", 4);
      |     ^~~~~~~~~~~
ct-mmap.inc:59:21: note: include '<stdlib.h>' or provide a declaration of 'exit'
   59 |   do { perror(str); exit(val); } while (0)
      |                     ^~~~
ct-mmap.inc:112:5: note: in expansion of macro 'perror_exit'
  112 |     perror_exit ("test 1 mmap", 4);
      |     ^~~~~~~~~~~
ct-mmap.inc:59:21: warning: incompatible implicit declaration of built-in function 'exit'
   59 |   do { perror(str); exit(val); } while (0)
      |                     ^~~~
ct-mmap.inc:116:5: note: in expansion of macro 'perror_exit'
  116 |     perror_exit ("test 1 fault", 5);
      |     ^~~~~~~~~~~
ct-mmap.inc:59:21: note: include '<stdlib.h>' or provide a declaration of 'exit'
   59 |   do { perror(str); exit(val); } while (0)
      |                     ^~~~
ct-mmap.inc:116:5: note: in expansion of macro 'perror_exit'
  116 |     perror_exit ("test 1 fault", 5);
      |     ^~~~~~~~~~~
ct-mmap.inc:59:21: warning: incompatible implicit declaration of built-in function 'exit'
   59 |   do { perror(str); exit(val); } while (0)
      |                     ^~~~
ct-mmap.inc:122:5: note: in expansion of macro 'perror_exit'
  122 |     perror_exit ("test 1 munmap 1", 6);
      |     ^~~~~~~~~~~
ct-mmap.inc:59:21: note: include '<stdlib.h>' or provide a declaration of 'exit'
   59 |   do { perror(str); exit(val); } while (0)
      |                     ^~~~
ct-mmap.inc:122:5: note: in expansion of macro 'perror_exit'
  122 |     perror_exit ("test 1 munmap 1", 6);
      |     ^~~~~~~~~~~
ct-mmap.inc:59:21: warning: incompatible implicit declaration of built-in function 'exit'
   59 |   do { perror(str); exit(val); } while (0)
      |                     ^~~~
ct-mmap.inc:128:7: note: in expansion of macro 'perror_exit'
  128 |       perror_exit ("test 1 no fault", 7);
      |       ^~~~~~~~~~~
ct-mmap.inc:59:21: note: include '<stdlib.h>' or provide a declaration of 'exit'
   59 |   do { perror(str); exit(val); } while (0)
      |                     ^~~~
ct-mmap.inc:128:7: note: in expansion of macro 'perror_exit'
  128 |       perror_exit ("test 1 no fault", 7);
      |       ^~~~~~~~~~~
ct-mmap.inc:59:21: warning: incompatible implicit declaration of built-in function 'exit'
   59 |   do { perror(str); exit(val); } while (0)
      |                     ^~~~
ct-mmap.inc:131:5: note: in expansion of macro 'perror_exit'
  131 |     perror_exit ("test 1 munmap 2", 8);
      |     ^~~~~~~~~~~
ct-mmap.inc:59:21: note: include '<stdlib.h>' or provide a declaration of 'exit'
   59 |   do { perror(str); exit(val); } while (0)
      |                     ^~~~
ct-mmap.inc:131:5: note: in expansion of macro 'perror_exit'
  131 |     perror_exit ("test 1 munmap 2", 8);
      |     ^~~~~~~~~~~
ct-mmap.inc: In function 'test_2':
ct-mmap.inc:59:21: warning: incompatible implicit declaration of built-in function 'exit'
   59 |   do { perror(str); exit(val); } while (0)
      |                     ^~~~
ct-mmap.inc:141:5: note: in expansion of macro 'perror_exit'
  141 |     perror_exit ("test 2 mmap", 9);
      |     ^~~~~~~~~~~
ct-mmap.inc:59:21: note: include '<stdlib.h>' or provide a declaration of 'exit'
   59 |   do { perror(str); exit(val); } while (0)
      |                     ^~~~
ct-mmap.inc:141:5: note: in expansion of macro 'perror_exit'
  141 |     perror_exit ("test 2 mmap", 9);
      |     ^~~~~~~~~~~
ct-mmap.inc:59:21: warning: incompatible implicit declaration of built-in function 'exit'
   59 |   do { perror(str); exit(val); } while (0)
      |                     ^~~~
ct-mmap.inc:145:5: note: in expansion of macro 'perror_exit'
  145 |     perror_exit ("test 2 fault", 10);
      |     ^~~~~~~~~~~
ct-mmap.inc:59:21: note: include '<stdlib.h>' or provide a declaration of 'exit'
   59 |   do { perror(str); exit(val); } while (0)
      |                     ^~~~
ct-mmap.inc:145:5: note: in expansion of macro 'perror_exit'
  145 |     perror_exit ("test 2 fault", 10);
      |     ^~~~~~~~~~~
ct-mmap.inc:59:21: warning: incompatible implicit declaration of built-in function 'exit'
   59 |   do { perror(str); exit(val); } while (0)
      |                     ^~~~
ct-mmap.inc:151:5: note: in expansion of macro 'perror_exit'
  151 |     perror_exit ("test 2 munmap 1", 11);
      |     ^~~~~~~~~~~
ct-mmap.inc:59:21: note: include '<stdlib.h>' or provide a declaration of 'exit'
   59 |   do { perror(str); exit(val); } while (0)
      |                     ^~~~
ct-mmap.inc:151:5: note: in expansion of macro 'perror_exit'
  151 |     perror_exit ("test 2 munmap 1", 11);
      |     ^~~~~~~~~~~
ct-mmap.inc:59:21: warning: incompatible implicit declaration of built-in function 'exit'
   59 |   do { perror(str); exit(val); } while (0)
      |                     ^~~~
ct-mmap.inc:158:7: note: in expansion of macro 'perror_exit'
  158 |       perror_exit ("test 2 no fault", 12);
      |       ^~~~~~~~~~~
ct-mmap.inc:59:21: note: include '<stdlib.h>' or provide a declaration of 'exit'
   59 |   do { perror(str); exit(val); } while (0)
      |                     ^~~~
ct-mmap.inc:158:7: note: in expansion of macro 'perror_exit'
  158 |       perror_exit ("test 2 no fault", 12);
      |       ^~~~~~~~~~~
ct-mmap.inc:59:21: warning: incompatible implicit declaration of built-in function 'exit'
   59 |   do { perror(str); exit(val); } while (0)
      |                     ^~~~
ct-mmap.inc:162:5: note: in expansion of macro 'perror_exit'
  162 |     perror_exit ("test 2 munmap 2", 13);
      |     ^~~~~~~~~~~
ct-mmap.inc:59:21: note: include '<stdlib.h>' or provide a declaration of 'exit'
   59 |   do { perror(str); exit(val); } while (0)
      |                     ^~~~
ct-mmap.inc:162:5: note: in expansion of macro 'perror_exit'
  162 |     perror_exit ("test 2 munmap 2", 13);
      |     ^~~~~~~~~~~
ct-mmap.inc: In function 'test_3':
ct-mmap.inc:59:21: warning: incompatible implicit declaration of built-in function 'exit'
   59 |   do { perror(str); exit(val); } while (0)
      |                     ^~~~
ct-mmap.inc:182:5: note: in expansion of macro 'perror_exit'
  182 |     perror_exit ("test 3 mmap 1", 14);
      |     ^~~~~~~~~~~
ct-mmap.inc:59:21: note: include '<stdlib.h>' or provide a declaration of 'exit'
   59 |   do { perror(str); exit(val); } while (0)
      |                     ^~~~
ct-mmap.inc:182:5: note: in expansion of macro 'perror_exit'
  182 |     perror_exit ("test 3 mmap 1", 14);
      |     ^~~~~~~~~~~
ct-mmap.inc:59:21: warning: incompatible implicit declaration of built-in function 'exit'
   59 |   do { perror(str); exit(val); } while (0)
      |                     ^~~~
ct-mmap.inc:185:5: note: in expansion of macro 'perror_exit'
  185 |     perror_exit ("test 3 mmap 2", 15);
      |     ^~~~~~~~~~~
ct-mmap.inc:59:21: note: include '<stdlib.h>' or provide a declaration of 'exit'
   59 |   do { perror(str); exit(val); } while (0)
      |                     ^~~~
ct-mmap.inc:185:5: note: in expansion of macro 'perror_exit'
  185 |     perror_exit ("test 3 mmap 2", 15);
      |     ^~~~~~~~~~~
ct-mmap.inc:195:4: warning: incompatible implicit declaration of built-in function 'exit'
  195 |    exit (16);
      |    ^~~~
ct-mmap.inc:195:4: note: include '<stdlib.h>' or provide a declaration of 'exit'
ct-mmap.inc:59:21: warning: incompatible implicit declaration of built-in function 'exit'
   59 |   do { perror(str); exit(val); } while (0)
      |                     ^~~~
ct-mmap.inc:201:5: note: in expansion of macro 'perror_exit'
  201 |     perror_exit ("test 3 fault", 17);
      |     ^~~~~~~~~~~
ct-mmap.inc:59:21: note: include '<stdlib.h>' or provide a declaration of 'exit'
   59 |   do { perror(str); exit(val); } while (0)
      |                     ^~~~
ct-mmap.inc:201:5: note: in expansion of macro 'perror_exit'
  201 |     perror_exit ("test 3 fault", 17);
      |     ^~~~~~~~~~~
ct-mmap.inc:59:21: warning: incompatible implicit declaration of built-in function 'exit'
   59 |   do { perror(str); exit(val); } while (0)
      |                     ^~~~
ct-mmap.inc:207:5: note: in expansion of macro 'perror_exit'
  207 |     perror_exit ("test 3 munmap", 18);
      |     ^~~~~~~~~~~
ct-mmap.inc:59:21: note: include '<stdlib.h>' or provide a declaration of 'exit'
   59 |   do { perror(str); exit(val); } while (0)
      |                     ^~~~
ct-mmap.inc:207:5: note: in expansion of macro 'perror_exit'
  207 |     perror_exit ("test 3 munmap", 18);
      |     ^~~~~~~~~~~
ct-mmap.inc:59:21: warning: incompatible implicit declaration of built-in function 'exit'
   59 |   do { perror(str); exit(val); } while (0)
      |                     ^~~~
ct-mmap.inc:212:7: note: in expansion of macro 'perror_exit'
  212 |       perror_exit ("test 3 no fault 1", 19);
      |       ^~~~~~~~~~~
ct-mmap.inc:59:21: note: include '<stdlib.h>' or provide a declaration of 'exit'
   59 |   do { perror(str); exit(val); } while (0)
      |                     ^~~~
ct-mmap.inc:212:7: note: in expansion of macro 'perror_exit'
  212 |       perror_exit ("test 3 no fault 1", 19);
      |       ^~~~~~~~~~~
ct-mmap.inc:59:21: warning: incompatible implicit declaration of built-in function 'exit'
   59 |   do { perror(str); exit(val); } while (0)
      |                     ^~~~
ct-mmap.inc:219:7: note: in expansion of macro 'perror_exit'
  219 |       perror_exit ("test 3 no fault 2", 20);
      |       ^~~~~~~~~~~
ct-mmap.inc:59:21: note: include '<stdlib.h>' or provide a declaration of 'exit'
   59 |   do { perror(str); exit(val); } while (0)
      |                     ^~~~
ct-mmap.inc:219:7: note: in expansion of macro 'perror_exit'
  219 |       perror_exit ("test 3 no fault 2", 20);
      |       ^~~~~~~~~~~
ct-mmap.inc: In function 'main':
ct-mmap.inc:228:8: warning: implicit declaration of function 'getpagesize' [-Wimplicit-function-declaration]
  228 |   pg = getpagesize ();
      |        ^~~~~~~~~~~
ct-mmap.inc:59:21: warning: incompatible implicit declaration of built-in function 'exit'
   59 |   do { perror(str); exit(val); } while (0)
      |                     ^~~~
ct-mmap.inc:232:5: note: in expansion of macro 'perror_exit'
  232 |     perror_exit ("open /dev/zero", 1);
      |     ^~~~~~~~~~~
ct-mmap.inc:59:21: note: include '<stdlib.h>' or provide a declaration of 'exit'
   59 |   do { perror(str); exit(val); } while (0)
      |                     ^~~~
ct-mmap.inc:232:5: note: in expansion of macro 'perror_exit'
  232 |     perror_exit ("open /dev/zero", 1);
      |     ^~~~~~~~~~~
ct-mmap.inc:240:3: warning: incompatible implicit declaration of built-in function 'exit'
  240 |   exit(0);
      |   ^~~~
ct-mmap.inc:240:3: note: include '<stdlib.h>' or provide a declaration of 'exit'
configure:5082: $? = 0
configure:5082: ./conftest
test 3 nonconsecutive pages - 7f50c7f75000, 7f50c7f48000
configure:5082: $? = 16
configure: program exited with status 16
configure: failed program was:
| /* confdefs.h */
| #define PACKAGE_NAME ""
| #define PACKAGE_TARNAME ""
| #define PACKAGE_VERSION ""
| #define PACKAGE_STRING ""
| #define PACKAGE_BUGREPORT ""
| #define PACKAGE_URL ""
| #define HAVE__BOOL 1
| #define SIZEOF_SHORT 2
| #define SIZEOF_INT 4
| #define SIZEOF_LONG 8
| #define STDC_HEADERS 1
| #define TIME_WITH_SYS_TIME 1
| #define HAVE_STDBOOL_H 1
| #define STRING_WITH_STRINGS 1
| #define HAVE_SYS_WAIT_H 1
| #define HAVE_SYS_TYPES_H 1
| #define HAVE_SYS_STAT_H 1
| #define HAVE_STDLIB_H 1
| #define HAVE_STRING_H 1
| #define HAVE_MEMORY_H 1
| #define HAVE_STRINGS_H 1
| #define HAVE_INTTYPES_H 1
| #define HAVE_STDINT_H 1
| #define HAVE_UNISTD_H 1
| #define HAVE_LIMITS_H 1
| #define HAVE_STDDEF_H 1
| #define HAVE_STRING_H 1
| #define HAVE_STRINGS_H 1
| #define HAVE_STDLIB_H 1
| #define HAVE_TIME_H 1
| #define HAVE_FCNTL_H 1
| #define HAVE_UNISTD_H 1
| #define HAVE_SYS_FILE_H 1
| #define HAVE_SYS_TIME_H 1
| #define HAVE_SYS_PARAM_H 1
| #define HAVE_SYS_STAT_H 1
| #define HAVE_MALLOC_H 1
| #define HAVE_STRINGIZE 1
| #define HAVE_CLOCK 1
| #define HAVE_STRSIGNAL 1
| #define HAVE_STRCHR 1
| #define HAVE_STRRCHR 1
| #define HAVE_LSTAT 1
| #define HAVE_GETPAGESIZE 1
| /* end confdefs.h.  */
| #include "ct-mmap.inc"
configure:5096: result: buggy
configure:5104: checking for working mmap with MAP_ANON(YMOUS)
configure:5119: gcc -o conftest -g -O2   conftest.c  >&5
In file included from conftest.c:48:
ct-mmap.inc: In function 'test_0':
ct-mmap.inc:59:21: warning: implicit declaration of function 'exit' [-Wimplicit-function-declaration]
   59 |   do { perror(str); exit(val); } while (0)
      |                     ^~~~
ct-mmap.inc:97:5: note: in expansion of macro 'perror_exit'
   97 |     perror_exit("test 0 mmap", 2);
      |     ^~~~~~~~~~~
ct-mmap.inc:59:21: warning: incompatible implicit declaration of built-in function 'exit'
   59 |   do { perror(str); exit(val); } while (0)
      |                     ^~~~
ct-mmap.inc:97:5: note: in expansion of macro 'perror_exit'
   97 |     perror_exit("test 0 mmap", 2);
      |     ^~~~~~~~~~~
ct-mmap.inc:7:1: note: include '<stdlib.h>' or provide a declaration of 'exit'
    6 | #include <stdio.h>
  +++ |+#include <stdlib.h>
    7 | 
ct-mmap.inc:59:21: warning: incompatible implicit declaration of built-in function 'exit'
   59 |   do { perror(str); exit(val); } while (0)
      |                     ^~~~
ct-mmap.inc:102:5: note: in expansion of macro 'perror_exit'
  102 |     perror_exit("test 0 munmap", 3);
      |     ^~~~~~~~~~~
ct-mmap.inc:59:21: note: include '<stdlib.h>' or provide a declaration of 'exit'
   59 |   do { perror(str); exit(val); } while (0)
      |                     ^~~~
ct-mmap.inc:102:5: note: in expansion of macro 'perror_exit'
  102 |     perror_exit("test 0 munmap", 3);
      |     ^~~~~~~~~~~
ct-mmap.inc: In function 'test_1':
ct-mmap.inc:59:21: warning: incompatible implicit declaration of built-in function 'exit'
   59 |   do { perror(str); exit(val); } while (0)
      |                     ^~~~
ct-mmap.inc:112:5: note: in expansion of macro 'perror_exit'
  112 |     perror_exit ("test 1 mmap", 4);
      |     ^~~~~~~~~~~
ct-mmap.inc:59:21: note: include '<stdlib.h>' or provide a declaration of 'exit'
   59 |   do { perror(str); exit(val); } while (0)
      |                     ^~~~
ct-mmap.inc:112:5: note: in expansion of macro 'perror_exit'
  112 |     perror_exit ("test 1 mmap", 4);
      |     ^~~~~~~~~~~
ct-mmap.inc:59:21: warning: incompatible implicit declaration of built-in function 'exit'
   59 |   do { perror(str); exit(val); } while (0)
      |                     ^~~~
ct-mmap.inc:116:5: note: in expansion of macro 'perror_exit'
  116 |     perror_exit ("test 1 fault", 5);
      |     ^~~~~~~~~~~
ct-mmap.inc:59:21: note: include '<stdlib.h>' or provide a declaration of 'exit'
   59 |   do { perror(str); exit(val); } while (0)
      |                     ^~~~
ct-mmap.inc:116:5: note: in expansion of macro 'perror_exit'
  116 |     perror_exit ("test 1 fault", 5);
      |     ^~~~~~~~~~~
ct-mmap.inc:59:21: warning: incompatible implicit declaration of built-in function 'exit'
   59 |   do { perror(str); exit(val); } while (0)
      |                     ^~~~
ct-mmap.inc:122:5: note: in expansion of macro 'perror_exit'
  122 |     perror_exit ("test 1 munmap 1", 6);
      |     ^~~~~~~~~~~
ct-mmap.inc:59:21: note: include '<stdlib.h>' or provide a declaration of 'exit'
   59 |   do { perror(str); exit(val); } while (0)
      |                     ^~~~
ct-mmap.inc:122:5: note: in expansion of macro 'perror_exit'
  122 |     perror_exit ("test 1 munmap 1", 6);
      |     ^~~~~~~~~~~
ct-mmap.inc:59:21: warning: incompatible implicit declaration of built-in function 'exit'
   59 |   do { perror(str); exit(val); } while (0)
      |                     ^~~~
ct-mmap.inc:128:7: note: in expansion of macro 'perror_exit'
  128 |       perror_exit ("test 1 no fault", 7);
      |       ^~~~~~~~~~~
ct-mmap.inc:59:21: note: include '<stdlib.h>' or provide a declaration of 'exit'
   59 |   do { perror(str); exit(val); } while (0)
      |                     ^~~~
ct-mmap.inc:128:7: note: in expansion of macro 'perror_exit'
  128 |       perror_exit ("test 1 no fault", 7);
      |       ^~~~~~~~~~~
ct-mmap.inc:59:21: warning: incompatible implicit declaration of built-in function 'exit'
   59 |   do { perror(str); exit(val); } while (0)
      |                     ^~~~
ct-mmap.inc:131:5: note: in expansion of macro 'perror_exit'
  131 |     perror_exit ("test 1 munmap 2", 8);
      |     ^~~~~~~~~~~
ct-mmap.inc:59:21: note: include '<stdlib.h>' or provide a declaration of 'exit'
   59 |   do { perror(str); exit(val); } while (0)
      |                     ^~~~
ct-mmap.inc:131:5: note: in expansion of macro 'perror_exit'
  131 |     perror_exit ("test 1 munmap 2", 8);
      |     ^~~~~~~~~~~
ct-mmap.inc: In function 'test_2':
ct-mmap.inc:59:21: warning: incompatible implicit declaration of built-in function 'exit'
   59 |   do { perror(str); exit(val); } while (0)
      |                     ^~~~
ct-mmap.inc:141:5: note: in expansion of macro 'perror_exit'
  141 |     perror_exit ("test 2 mmap", 9);
      |     ^~~~~~~~~~~
ct-mmap.inc:59:21: note: include '<stdlib.h>' or provide a declaration of 'exit'
   59 |   do { perror(str); exit(val); } while (0)
      |                     ^~~~
ct-mmap.inc:141:5: note: in expansion of macro 'perror_exit'
  141 |     perror_exit ("test 2 mmap", 9);
      |     ^~~~~~~~~~~
ct-mmap.inc:59:21: warning: incompatible implicit declaration of built-in function 'exit'
   59 |   do { perror(str); exit(val); } while (0)
      |                     ^~~~
ct-mmap.inc:145:5: note: in expansion of macro 'perror_exit'
  145 |     perror_exit ("test 2 fault", 10);
      |     ^~~~~~~~~~~
ct-mmap.inc:59:21: note: include '<stdlib.h>' or provide a declaration of 'exit'
   59 |   do { perror(str); exit(val); } while (0)
      |                     ^~~~
ct-mmap.inc:145:5: note: in expansion of macro 'perror_exit'
  145 |     perror_exit ("test 2 fault", 10);
      |     ^~~~~~~~~~~
ct-mmap.inc:59:21: warning: incompatible implicit declaration of built-in function 'exit'
   59 |   do { perror(str); exit(val); } while (0)
      |                     ^~~~
ct-mmap.inc:151:5: note: in expansion of macro 'perror_exit'
  151 |     perror_exit ("test 2 munmap 1", 11);
      |     ^~~~~~~~~~~
ct-mmap.inc:59:21: note: include '<stdlib.h>' or provide a declaration of 'exit'
   59 |   do { perror(str); exit(val); } while (0)
      |                     ^~~~
ct-mmap.inc:151:5: note: in expansion of macro 'perror_exit'
  151 |     perror_exit ("test 2 munmap 1", 11);
      |     ^~~~~~~~~~~
ct-mmap.inc:59:21: warning: incompatible implicit declaration of built-in function 'exit'
   59 |   do { perror(str); exit(val); } while (0)
      |                     ^~~~
ct-mmap.inc:158:7: note: in expansion of macro 'perror_exit'
  158 |       perror_exit ("test 2 no fault", 12);
      |       ^~~~~~~~~~~
ct-mmap.inc:59:21: note: include '<stdlib.h>' or provide a declaration of 'exit'
   59 |   do { perror(str); exit(val); } while (0)
      |                     ^~~~
ct-mmap.inc:158:7: note: in expansion of macro 'perror_exit'
  158 |       perror_exit ("test 2 no fault", 12);
      |       ^~~~~~~~~~~
ct-mmap.inc:59:21: warning: incompatible implicit declaration of built-in function 'exit'
   59 |   do { perror(str); exit(val); } while (0)
      |                     ^~~~
ct-mmap.inc:162:5: note: in expansion of macro 'perror_exit'
  162 |     perror_exit ("test 2 munmap 2", 13);
      |     ^~~~~~~~~~~
ct-mmap.inc:59:21: note: include '<stdlib.h>' or provide a declaration of 'exit'
   59 |   do { perror(str); exit(val); } while (0)
      |                     ^~~~
ct-mmap.inc:162:5: note: in expansion of macro 'perror_exit'
  162 |     perror_exit ("test 2 munmap 2", 13);
      |     ^~~~~~~~~~~
ct-mmap.inc: In function 'test_3':
ct-mmap.inc:59:21: warning: incompatible implicit declaration of built-in function 'exit'
   59 |   do { perror(str); exit(val); } while (0)
      |                     ^~~~
ct-mmap.inc:182:5: note: in expansion of macro 'perror_exit'
  182 |     perror_exit ("test 3 mmap 1", 14);
      |     ^~~~~~~~~~~
ct-mmap.inc:59:21: note: include '<stdlib.h>' or provide a declaration of 'exit'
   59 |   do { perror(str); exit(val); } while (0)
      |                     ^~~~
ct-mmap.inc:182:5: note: in expansion of macro 'perror_exit'
  182 |     perror_exit ("test 3 mmap 1", 14);
      |     ^~~~~~~~~~~
ct-mmap.inc:59:21: warning: incompatible implicit declaration of built-in function 'exit'
   59 |   do { perror(str); exit(val); } while (0)
      |                     ^~~~
ct-mmap.inc:185:5: note: in expansion of macro 'perror_exit'
  185 |     perror_exit ("test 3 mmap 2", 15);
      |     ^~~~~~~~~~~
ct-mmap.inc:59:21: note: include '<stdlib.h>' or provide a declaration of 'exit'
   59 |   do { perror(str); exit(val); } while (0)
      |                     ^~~~
ct-mmap.inc:185:5: note: in expansion of macro 'perror_exit'
  185 |     perror_exit ("test 3 mmap 2", 15);
      |     ^~~~~~~~~~~
ct-mmap.inc:195:4: warning: incompatible implicit declaration of built-in function 'exit'
  195 |    exit (16);
      |    ^~~~
ct-mmap.inc:195:4: note: include '<stdlib.h>' or provide a declaration of 'exit'
ct-mmap.inc:59:21: warning: incompatible implicit declaration of built-in function 'exit'
   59 |   do { perror(str); exit(val); } while (0)
      |                     ^~~~
ct-mmap.inc:201:5: note: in expansion of macro 'perror_exit'
  201 |     perror_exit ("test 3 fault", 17);
      |     ^~~~~~~~~~~
ct-mmap.inc:59:21: note: include '<stdlib.h>' or provide a declaration of 'exit'
   59 |   do { perror(str); exit(val); } while (0)
      |                     ^~~~
ct-mmap.inc:201:5: note: in expansion of macro 'perror_exit'
  201 |     perror_exit ("test 3 fault", 17);
      |     ^~~~~~~~~~~
ct-mmap.inc:59:21: warning: incompatible implicit declaration of built-in function 'exit'
   59 |   do { perror(str); exit(val); } while (0)
      |                     ^~~~
ct-mmap.inc:207:5: note: in expansion of macro 'perror_exit'
  207 |     perror_exit ("test 3 munmap", 18);
      |     ^~~~~~~~~~~
ct-mmap.inc:59:21: note: include '<stdlib.h>' or provide a declaration of 'exit'
   59 |   do { perror(str); exit(val); } while (0)
      |                     ^~~~
ct-mmap.inc:207:5: note: in expansion of macro 'perror_exit'
  207 |     perror_exit ("test 3 munmap", 18);
      |     ^~~~~~~~~~~
ct-mmap.inc:59:21: warning: incompatible implicit declaration of built-in function 'exit'
   59 |   do { perror(str); exit(val); } while (0)
      |                     ^~~~
ct-mmap.inc:212:7: note: in expansion of macro 'perror_exit'
  212 |       perror_exit ("test 3 no fault 1", 19);
      |       ^~~~~~~~~~~
ct-mmap.inc:59:21: note: include '<stdlib.h>' or provide a declaration of 'exit'
   59 |   do { perror(str); exit(val); } while (0)
      |                     ^~~~
ct-mmap.inc:212:7: note: in expansion of macro 'perror_exit'
  212 |       perror_exit ("test 3 no fault 1", 19);
      |       ^~~~~~~~~~~
ct-mmap.inc:59:21: warning: incompatible implicit declaration of built-in function 'exit'
   59 |   do { perror(str); exit(val); } while (0)
      |                     ^~~~
ct-mmap.inc:219:7: note: in expansion of macro 'perror_exit'
  219 |       perror_exit ("test 3 no fault 2", 20);
      |       ^~~~~~~~~~~
ct-mmap.inc:59:21: note: include '<stdlib.h>' or provide a declaration of 'exit'
   59 |   do { perror(str); exit(val); } while (0)
      |                     ^~~~
ct-mmap.inc:219:7: note: in expansion of macro 'perror_exit'
  219 |       perror_exit ("test 3 no fault 2", 20);
      |       ^~~~~~~~~~~
ct-mmap.inc: In function 'main':
ct-mmap.inc:228:8: warning: implicit declaration of function 'getpagesize' [-Wimplicit-function-declaration]
  228 |   pg = getpagesize ();
      |        ^~~~~~~~~~~
ct-mmap.inc:240:3: warning: incompatible implicit declaration of built-in function 'exit'
  240 |   exit(0);
      |   ^~~~
ct-mmap.inc:240:3: note: include '<stdlib.h>' or provide a declaration of 'exit'
configure:5119: $? = 0
configure:5119: ./conftest
test 3 nonconsecutive pages - 7f5b9a4f8000, 7f5b9a4cb000
configure:5119: $? = 16
configure: program exited with status 16
configure: failed program was:
| /* confdefs.h */
| #define PACKAGE_NAME ""
| #define PACKAGE_TARNAME ""
| #define PACKAGE_VERSION ""
| #define PACKAGE_STRING ""
| #define PACKAGE_BUGREPORT ""
| #define PACKAGE_URL ""
| #define HAVE__BOOL 1
| #define SIZEOF_SHORT 2
| #define SIZEOF_INT 4
| #define SIZEOF_LONG 8
| #define STDC_HEADERS 1
| #define TIME_WITH_SYS_TIME 1
| #define HAVE_STDBOOL_H 1
| #define STRING_WITH_STRINGS 1
| #define HAVE_SYS_WAIT_H 1
| #define HAVE_SYS_TYPES_H 1
| #define HAVE_SYS_STAT_H 1
| #define HAVE_STDLIB_H 1
| #define HAVE_STRING_H 1
| #define HAVE_MEMORY_H 1
| #define HAVE_STRINGS_H 1
| #define HAVE_INTTYPES_H 1
| #define HAVE_STDINT_H 1
| #define HAVE_UNISTD_H 1
| #define HAVE_LIMITS_H 1
| #define HAVE_STDDEF_H 1
| #define HAVE_STRING_H 1
| #define HAVE_STRINGS_H 1
| #define HAVE_STDLIB_H 1
| #define HAVE_TIME_H 1
| #define HAVE_FCNTL_H 1
| #define HAVE_UNISTD_H 1
| #define HAVE_SYS_FILE_H 1
| #define HAVE_SYS_TIME_H 1
| #define HAVE_SYS_PARAM_H 1
| #define HAVE_SYS_STAT_H 1
| #define HAVE_MALLOC_H 1
| #define HAVE_STRINGIZE 1
| #define HAVE_CLOCK 1
| #define HAVE_STRSIGNAL 1
| #define HAVE_STRCHR 1
| #define HAVE_STRRCHR 1
| #define HAVE_LSTAT 1
| #define HAVE_GETPAGESIZE 1
| /* end confdefs.h.  */
| #define USE_MAP_ANON
| #include "ct-mmap.inc"
configure:5133: result: buggy
configure:5142: checking for working mmap of a file
configure:5194: gcc -o conftest -g -O2   conftest.c  >&5
conftest.c: In function 'main':
conftest.c:64:5: warning: implicit declaration of function 'exit' [-Wimplicit-function-declaration]
   64 |     exit(1);
      |     ^~~~
conftest.c:64:5: warning: incompatible implicit declaration of built-in function 'exit'
conftest.c:55:1: note: include '<stdlib.h>' or provide a declaration of 'exit'
   54 | #include <sys/mman.h>
  +++ |+#include <stdlib.h>
   55 | 
conftest.c:67:5: warning: incompatible implicit declaration of built-in function 'exit'
   67 |     exit(2);
      |     ^~~~
conftest.c:67:5: note: include '<stdlib.h>' or provide a declaration of 'exit'
conftest.c:71:5: warning: incompatible implicit declaration of built-in function 'exit'
   71 |     exit(3);
      |     ^~~~
conftest.c:71:5: note: include '<stdlib.h>' or provide a declaration of 'exit'
conftest.c:74:5: warning: incompatible implicit declaration of built-in function 'exit'
   74 |     exit(4);
      |     ^~~~
conftest.c:74:5: note: include '<stdlib.h>' or provide a declaration of 'exit'
conftest.c:77:5: warning: incompatible implicit declaration of built-in function 'exit'
   77 |     exit(5);
      |     ^~~~
conftest.c:77:5: note: include '<stdlib.h>' or provide a declaration of 'exit'
conftest.c:79:3: warning: incompatible implicit declaration of built-in function 'exit'
   79 |   exit(0);
      |   ^~~~
conftest.c:79:3: note: include '<stdlib.h>' or provide a declaration of 'exit'
configure:5194: $? = 0
configure:5194: ./conftest
configure:5194: $? = 0
configure:5204: result: yes
configure:5220: checking whether getenv is declared
configure:5243: gcc -c -g -O2 -I. -I./libiberty -I./libcpp/include  conftest.c >&5
configure:5243: $? = 0
configure:5252: result: yes
configure:5220: checking whether abort is declared
configure:5243: gcc -c -g -O2 -I. -I./libiberty -I./libcpp/include  conftest.c >&5
configure:5243: $? = 0
configure:5252: result: yes
configure:5220: checking whether strsignal is declared
configure:5243: gcc -c -g -O2 -I. -I./libiberty -I./libcpp/include  conftest.c >&5
configure:5243: $? = 0
configure:5252: result: yes
configure:5220: checking whether errno is declared
configure:5243: gcc -c -g -O2 -I. -I./libiberty -I./libcpp/include  conftest.c >&5
configure:5243: $? = 0
configure:5252: result: yes
configure:5220: checking whether malloc is declared
configure:5243: gcc -c -g -O2 -I. -I./libiberty -I./libcpp/include  conftest.c >&5
configure:5243: $? = 0
configure:5252: result: yes
configure:5220: checking whether realloc is declared
configure:5243: gcc -c -g -O2 -I. -I./libiberty -I./libcpp/include  conftest.c >&5
configure:5243: $? = 0
configure:5252: result: yes
configure:5220: checking whether calloc is declared
configure:5243: gcc -c -g -O2 -I. -I./libiberty -I./libcpp/include  conftest.c >&5
configure:5243: $? = 0
configure:5252: result: yes
configure:5220: checking whether free is declared
configure:5243: gcc -c -g -O2 -I. -I./libiberty -I./libcpp/include  conftest.c >&5
configure:5243: $? = 0
configure:5252: result: yes
configure:5220: checking whether clock is declared
configure:5243: gcc -c -g -O2 -I. -I./libiberty -I./libcpp/include  conftest.c >&5
configure:5243: $? = 0
configure:5252: result: yes
configure:5293: checking if mkdir takes one argument
configure:5319: gcc -c -g -O2  conftest.c >&5
configure:5319: $? = 0
configure:5326: result: no
configure:5467: checking what assembler to use
configure:5549: result: /usr/bin/as
configure:5554: checking what nm to use
configure:5562: result: nm
configure:5566: checking whether to enable maintainer-specific portions of Makefiles
configure:5576: result: no
configure:5763: creating ./config.status

## ---------------------- ##
## Running config.status. ##
## ---------------------- ##

This file was extended by config.status, which was
generated by GNU Autoconf 2.64.  Invocation command line was

  CONFIG_FILES    = 
  CONFIG_HEADERS  = 
  CONFIG_LINKS    = 
  CONFIG_COMMANDS = 
  $ ./config.status 

on nb-725-ults

config.status:931: creating Makefile
config.status:931: creating auto-host.h
config.status:1092: auto-host.h is unchanged
config.status:1106: executing default commands

## ---------------- ##
## Cache variables. ##
## ---------------- ##

ac_cv_c_bigendian=no
ac_cv_c_charset=ASCII
ac_cv_c_compiler_gnu=yes
ac_cv_c_inline=inline
ac_cv_c_stringize=yes
ac_cv_env_CC_set=
ac_cv_env_CC_value=
ac_cv_env_CFLAGS_set=
ac_cv_env_CFLAGS_value=
ac_cv_env_CPPFLAGS_set=
ac_cv_env_CPPFLAGS_value=
ac_cv_env_CPP_set=
ac_cv_env_CPP_value=
ac_cv_env_LDFLAGS_set=
ac_cv_env_LDFLAGS_value=
ac_cv_env_LIBS_set=
ac_cv_env_LIBS_value=
ac_cv_env_build_alias_set=
ac_cv_env_build_alias_value=
ac_cv_env_host_alias_set=
ac_cv_env_host_alias_value=
ac_cv_env_target_alias_set=
ac_cv_env_target_alias_value=
ac_cv_func_clock=yes
ac_cv_func_getpagesize=yes
ac_cv_func_lstat=yes
ac_cv_func_mmap_anon=buggy
ac_cv_func_mmap_dev_zero=buggy
ac_cv_func_mmap_file=yes
ac_cv_func_strchr=yes
ac_cv_func_strrchr=yes
ac_cv_func_strsignal=yes
ac_cv_header_direct_h=no
ac_cv_header_fcntl_h=yes
ac_cv_header_inttypes_h=yes
ac_cv_header_limits_h=yes
ac_cv_header_malloc_h=yes
ac_cv_header_memory_h=yes
ac_cv_header_stdbool_h=yes
ac_cv_header_stdc=yes
ac_cv_header_stddef_h=yes
ac_cv_header_stdint_h=yes
ac_cv_header_stdlib_h=yes
ac_cv_header_string_h=yes
ac_cv_header_strings_h=yes
ac_cv_header_sys_file_h=yes
ac_cv_header_sys_param_h=yes
ac_cv_header_sys_stat_h=yes
ac_cv_header_sys_time_h=yes
ac_cv_header_sys_types_h=yes
ac_cv_header_sys_wait_h=yes
ac_cv_header_time=yes
ac_cv_header_time_h=yes
ac_cv_header_unistd_h=yes
ac_cv_objext=o
ac_cv_path_EGREP='/usr/bin/grep -E'
ac_cv_path_GREP=/usr/bin/grep
ac_cv_path_install='/usr/bin/install -c'
ac_cv_prog_AWK=gawk
ac_cv_prog_CPP='gcc -E'
ac_cv_prog_STRIP=strip
ac_cv_prog_ac_ct_CC=gcc
ac_cv_prog_ac_ct_RANLIB=ranlib
ac_cv_prog_cc_c89=
ac_cv_prog_cc_g=yes
ac_cv_prog_cc_gcc_c_o=yes
ac_cv_prog_have_mktemp_command=yes
ac_cv_prog_make_make_set=yes
ac_cv_sizeof_int=4
ac_cv_sizeof_long=8
ac_cv_sizeof_short=2
ac_cv_type_ssize_t=yes
gcc_cv_as=/usr/bin/as
gcc_cv_as_gas_srcdir=./gas
gcc_cv_c__bool=yes
gcc_cv_decl_char_bit=yes
gcc_cv_gas_major_version=
gcc_cv_gas_minor_version=
gcc_cv_have_decl_abort=yes
gcc_cv_have_decl_calloc=yes
gcc_cv_have_decl_clock=yes
gcc_cv_have_decl_errno=yes
gcc_cv_have_decl_free=yes
gcc_cv_have_decl_getenv=yes
gcc_cv_have_decl_malloc=yes
gcc_cv_have_decl_realloc=yes
gcc_cv_have_decl_strsignal=yes
gcc_cv_header_string=yes
gcc_cv_mkdir_takes_one_arg=no
gcc_cv_nm=nm
gcc_cv_prog_LN=ln
gcc_cv_prog_LN_S='ln -s'

## ----------------- ##
## Output variables. ##
## ----------------- ##

AWK='gawk'
CC='gcc'
CFLAGS='-g -O2'
CPP='gcc -E'
CPPFLAGS=''
DEFS='-DHAVE_CONFIG_H'
ECHO_C=''
ECHO_N='-n'
ECHO_T=''
EGREP='/usr/bin/grep -E'
EXEEXT=''
GREP='/usr/bin/grep'
INSTALL='/usr/bin/install -c'
INSTALL_DATA='${INSTALL} -m 644'
INSTALL_PROGRAM='${INSTALL}'
LDFLAGS=''
LIBOBJS=''
LIBS=''
LN='ln'
LN_S='ln -s'
LTLIBOBJS=''
MAINT='#'
NO_MINUS_C_MINUS_O=''
OBJEXT='o'
OUTPUT_OPTION='-o $@'
PACKAGE='sdcc'
PACKAGE_BUGREPORT=''
PACKAGE_NAME=''
PACKAGE_STRING=''
PACKAGE_TARNAME=''
PACKAGE_URL=''
PACKAGE_VERSION=''
PATH_SEPARATOR=':'
RANLIB='ranlib'
SET_MAKE=''
SHELL='/bin/bash'
STRIP='strip'
VERSION='const'
WALL_FLAG='-Wall'
ac_ct_CC='gcc'
all_stagestuff=''
bindir='${exec_prefix}/bin'
build_alias=''
build_canonical=''
build_exeext=''
build_install_headers_dir='install-headers-tar'
build_xm_defines=''
build_xm_file='auto-host.h ansidecl.h  /.h defaults.h'
build_xm_file_list=''
c_target_objs=''
check_languages=''
const char pkgversion_string[] = PKGVERSION;'
datadir='${datarootdir}'
datarootdir='${prefix}/share'
dep_host_xmake_file=''
dep_tmake_file=''
docdir='${datarootdir}/doc/${PACKAGE}'
dvidir='${docdir}'
exec_prefix='${prefix}'
extra_c_flags=''
extra_headers_list=''
extra_objs=' '
extra_parts=''
extra_passes=''
extra_programs=''
gcc_config_arguments=''
gcc_version='const'
gcc_version_full='const char version_string[] = BASEVER DATESTAMP DEVPHASE VERSUFFIX;
gcc_version_trigger='./version.c'
have_mktemp_command='yes'
host_alias=''
host_canonical=''
host_exeext=''
host_extra_gcc_objs=''
htmldir='${docdir}'
includedir='${prefix}/include'
infodir='${datarootdir}/info'
install=''
lang_tree_files=''
libdir='${exec_prefix}/lib'
libexecdir='${exec_prefix}/libexec'
local_prefix='/usr/local'
localedir='${datarootdir}/locale'
localstatedir='${prefix}/var'
mandir='${datarootdir}/man'
manext='.1'
md_file='/.md'
objdir='/home/marcel.meier/Downloads/tmp/sdcc-3.5.0/support/cpp'
objext='.o'
oldincludedir='/usr/include'
out_file='/.c'
out_object_file='.c.o'
pdfdir='${docdir}'
prefix='/usr/local'
program_transform_name='s,x,x,'
psdir='${docdir}'
sbindir='${exec_prefix}/sbin'
sharedstatedir='${prefix}/com'
symbolic_link='ln -s'
sysconfdir='${prefix}/etc'
target_alias=''
target_subdir=''
thread_file=''
warn_cflags='$(GCC_WARN_CFLAGS)'

## ----------- ##
## confdefs.h. ##
## ----------- ##

/* confdefs.h */
#define PACKAGE_NAME ""
#define PACKAGE_TARNAME ""
#define PACKAGE_VERSION ""
#define PACKAGE_STRING ""
#define PACKAGE_BUGREPORT ""
#define PACKAGE_URL ""
#define HAVE__BOOL 1
#define SIZEOF_SHORT 2
#define SIZEOF_INT 4
#define SIZEOF_LONG 8
#define STDC_HEADERS 1
#define TIME_WITH_SYS_TIME 1
#define HAVE_STDBOOL_H 1
#define STRING_WITH_STRINGS 1
#define HAVE_SYS_WAIT_H 1
#define HAVE_SYS_TYPES_H 1
#define HAVE_SYS_STAT_H 1
#define HAVE_STDLIB_H 1
#define HAVE_STRING_H 1
#define HAVE_MEMORY_H 1
#define HAVE_STRINGS_H 1
#define HAVE_INTTYPES_H 1
#define HAVE_STDINT_H 1
#define HAVE_UNISTD_H 1
#define HAVE_LIMITS_H 1
#define HAVE_STDDEF_H 1
#define HAVE_STRING_H 1
#define HAVE_STRINGS_H 1
#define HAVE_STDLIB_H 1
#define HAVE_TIME_H 1
#define HAVE_FCNTL_H 1
#define HAVE_UNISTD_H 1
#define HAVE_SYS_FILE_H 1
#define HAVE_SYS_TIME_H 1
#define HAVE_SYS_PARAM_H 1
#define HAVE_SYS_STAT_H 1
#define HAVE_MALLOC_H 1
#define HAVE_STRINGIZE 1
#define HAVE_CLOCK 1
#define HAVE_STRSIGNAL 1
#define HAVE_STRCHR 1
#define HAVE_STRRCHR 1
#define HAVE_LSTAT 1
#define HAVE_GETPAGESIZE 1
#define HAVE_MMAP_FILE 1
#define HAVE_DECL_GETENV 1
#define HAVE_DECL_ABORT 1
#define HAVE_DECL_STRSIGNAL 1
#define HAVE_DECL_ERRNO 1
#define HAVE_DECL_MALLOC 1
#define HAVE_DECL_REALLOC 1
#define HAVE_DECL_CALLOC 1
#define HAVE_DECL_FREE 1
#define HAVE_DECL_CLOCK 1
#define PACKAGE "sdcc"
#define VERSION "const"

configure: exit 0
